<?xml version="1.0" encoding="UTF-8"?>
<testng-results ignored="0" total="1" passed="1" failed="0" skipped="0">
  <reporter-output>
  </reporter-output>
  <suite started-at="2026-06-18T16:38:06 IST" name="Default suite" finished-at="2026-06-18T16:38:32 IST" duration-ms="26028">
    <groups>
    </groups>
    <test started-at="2026-06-18T16:38:06 IST" name="Default test" finished-at="2026-06-18T16:38:32 IST" duration-ms="26028">
      <class name="com.test.GoogleSearch">
        <test-method signature="searchSelenium()[pri:0, instance:com.test.GoogleSearch@31304f14]" started-at="2026-06-18T16:38:06 IST" name="searchSelenium" finished-at="2026-06-18T16:38:32 IST" duration-ms="25960" status="PASS">
          <reporter-output>
          </reporter-output>
        </test-method> <!-- searchSelenium -->
      </class> <!-- com.test.GoogleSearch -->
    </test> <!-- Default test -->
  </suite> <!-- Default suite -->
</testng-results>
